
*** Running vivado
    with args -log wrapper.vds -m64 -product Vivado -mode batch -messageDb vivado.pb -notrace -source wrapper.tcl


ECHO is off.
ECHO is off.

****** Vivado v2023.1 (64-bit)
  **** SW Build 3865809 on Sun May  7 15:05:29 MDT 2023
  **** IP Build 3864474 on Sun May  7 20:36:21 MDT 2023
  **** SharedData Build 3865790 on Sun May 07 13:33:03 MDT 2023
    ** Copyright 1986-2022 Xilinx, Inc. All Rights Reserved.
    ** Copyright 2022-2023 Advanced Micro Devices, Inc. All Rights Reserved.

source wrapper.tcl -notrace
create_project: Time (s): cpu = 00:00:08 ; elapsed = 00:00:09 . Memory (MB): peak = 449.410 ; gain = 164.203
Command: read_checkpoint -auto_incremental -incremental D:/Verilog/CompArch/RV32I_Single_Cycle/RV32I_Single_Cycle.srcs/utils_1/imports/synth_1/wrapper.dcp
INFO: [Vivado 12-5825] Read reference checkpoint from D:/Verilog/CompArch/RV32I_Single_Cycle/RV32I_Single_Cycle.srcs/utils_1/imports/synth_1/wrapper.dcp for incremental synthesis
INFO: [Vivado 12-7989] Please ensure there are no constraint changes
Command: synth_design -top wrapper -part xc7a35tcpg236-1
Starting synth_design
Attempting to get a license for feature 'Synthesis' and/or device 'xc7a35t'
INFO: [Common 17-349] Got license for feature 'Synthesis' and/or device 'xc7a35t'
INFO: [Device 21-403] Loading part xc7a35tcpg236-1
INFO: [Designutils 20-5440] No compile time benefit to using incremental synthesis; A full resynthesis will be run
INFO: [Designutils 20-4379] Flow is switching to default flow due to incremental criteria not met. If you would like to alter this behaviour and have the flow terminate instead, please set the following parameter config_implementation {autoIncr.Synth.RejectBehavior Terminate}
INFO: [Synth 8-7079] Multithreading enabled for synth_design using a maximum of 4 processes.
INFO: [Synth 8-7078] Launching helper process for spawning children vivado processes
INFO: [Synth 8-7075] Helper process launched with PID 10732
---------------------------------------------------------------------------------
Starting RTL Elaboration : Time (s): cpu = 00:00:11 ; elapsed = 00:00:13 . Memory (MB): peak = 1268.184 ; gain = 410.062
---------------------------------------------------------------------------------
INFO: [Synth 8-6157] synthesizing module 'wrapper' [D:/Verilog/CompArch/RV32I_Single_Cycle/RV32I_Single_Cycle.srcs/sources_1/new/wrapper.sv:1]
INFO: [Synth 8-6157] synthesizing module 'clk_div' [D:/Verilog/CompArch/RV32I_Single_Cycle/RV32I_Single_Cycle.srcs/sources_1/new/clk_div.sv:1]
INFO: [Synth 8-6155] done synthesizing module 'clk_div' (0#1) [D:/Verilog/CompArch/RV32I_Single_Cycle/RV32I_Single_Cycle.srcs/sources_1/new/clk_div.sv:1]
INFO: [Synth 8-6157] synthesizing module 'singlecycle' [D:/Verilog/CompArch/RV32I_Single_Cycle/RV32I_Single_Cycle.srcs/sources_1/new/singlecycle.sv:2]
INFO: [Synth 8-6157] synthesizing module 'br_mux' [D:/Verilog/CompArch/RV32I_Single_Cycle/RV32I_Single_Cycle.srcs/sources_1/new/br_mux.sv:1]
INFO: [Synth 8-6155] done synthesizing module 'br_mux' (0#1) [D:/Verilog/CompArch/RV32I_Single_Cycle/RV32I_Single_Cycle.srcs/sources_1/new/br_mux.sv:1]
INFO: [Synth 8-6157] synthesizing module 'PC' [D:/Verilog/CompArch/RV32I_Single_Cycle/RV32I_Single_Cycle.srcs/sources_1/new/PC.sv:1]
INFO: [Synth 8-6155] done synthesizing module 'PC' (0#1) [D:/Verilog/CompArch/RV32I_Single_Cycle/RV32I_Single_Cycle.srcs/sources_1/new/PC.sv:1]
INFO: [Synth 8-6157] synthesizing module 'PCPlus4' [D:/Verilog/CompArch/RV32I_Single_Cycle/RV32I_Single_Cycle.srcs/sources_1/new/PCPlus4.sv:2]
INFO: [Synth 8-6155] done synthesizing module 'PCPlus4' (0#1) [D:/Verilog/CompArch/RV32I_Single_Cycle/RV32I_Single_Cycle.srcs/sources_1/new/PCPlus4.sv:2]
INFO: [Synth 8-6157] synthesizing module 'inst_memory' [D:/Verilog/CompArch/RV32I_Single_Cycle/RV32I_Single_Cycle.srcs/sources_1/new/inst_memory.sv:1]
INFO: [Synth 8-3876] $readmem data file 'D:/Verilog/CompArch/RV32I_Single_Cycle/RV32I_Single_Cycle.srcs/mem_1/test1.imem' is read successfully [D:/Verilog/CompArch/RV32I_Single_Cycle/RV32I_Single_Cycle.srcs/sources_1/new/inst_memory.sv:22]
INFO: [Synth 8-6155] done synthesizing module 'inst_memory' (0#1) [D:/Verilog/CompArch/RV32I_Single_Cycle/RV32I_Single_Cycle.srcs/sources_1/new/inst_memory.sv:1]
INFO: [Synth 8-6157] synthesizing module 'reg_dec' [D:/Verilog/CompArch/RV32I_Single_Cycle/RV32I_Single_Cycle.srcs/sources_1/new/reg_dec.sv:1]
INFO: [Synth 8-6155] done synthesizing module 'reg_dec' (0#1) [D:/Verilog/CompArch/RV32I_Single_Cycle/RV32I_Single_Cycle.srcs/sources_1/new/reg_dec.sv:1]
INFO: [Synth 8-6157] synthesizing module 'reg_file' [D:/Verilog/CompArch/RV32I_Single_Cycle/RV32I_Single_Cycle.srcs/sources_1/new/reg_file.sv:1]
INFO: [Synth 8-6155] done synthesizing module 'reg_file' (0#1) [D:/Verilog/CompArch/RV32I_Single_Cycle/RV32I_Single_Cycle.srcs/sources_1/new/reg_file.sv:1]
INFO: [Synth 8-6157] synthesizing module 'immGen' [D:/Verilog/CompArch/RV32I_Single_Cycle/RV32I_Single_Cycle.srcs/sources_1/new/immGen.sv:1]
INFO: [Synth 8-6155] done synthesizing module 'immGen' (0#1) [D:/Verilog/CompArch/RV32I_Single_Cycle/RV32I_Single_Cycle.srcs/sources_1/new/immGen.sv:1]
INFO: [Synth 8-6157] synthesizing module 'brcomp' [D:/Verilog/CompArch/RV32I_Single_Cycle/RV32I_Single_Cycle.srcs/sources_1/new/brcomp.sv:1]
INFO: [Synth 8-6155] done synthesizing module 'brcomp' (0#1) [D:/Verilog/CompArch/RV32I_Single_Cycle/RV32I_Single_Cycle.srcs/sources_1/new/brcomp.sv:1]
INFO: [Synth 8-6157] synthesizing module 'op_a_mux' [D:/Verilog/CompArch/RV32I_Single_Cycle/RV32I_Single_Cycle.srcs/sources_1/new/op_a_mux.sv:1]
INFO: [Synth 8-6155] done synthesizing module 'op_a_mux' (0#1) [D:/Verilog/CompArch/RV32I_Single_Cycle/RV32I_Single_Cycle.srcs/sources_1/new/op_a_mux.sv:1]
INFO: [Synth 8-6157] synthesizing module 'op_b_mux' [D:/Verilog/CompArch/RV32I_Single_Cycle/RV32I_Single_Cycle.srcs/sources_1/new/op_b_mux.sv:1]
INFO: [Synth 8-6155] done synthesizing module 'op_b_mux' (0#1) [D:/Verilog/CompArch/RV32I_Single_Cycle/RV32I_Single_Cycle.srcs/sources_1/new/op_b_mux.sv:1]
INFO: [Synth 8-6157] synthesizing module 'alu' [D:/Verilog/CompArch/RV32I_Single_Cycle/RV32I_Single_Cycle.srcs/sources_1/new/ALU.sv:1]
INFO: [Synth 8-6157] synthesizing module 'shift_right_arithmetic' [D:/Verilog/CompArch/RV32I_Single_Cycle/RV32I_Single_Cycle.srcs/sources_1/new/ALU.sv:51]
INFO: [Synth 8-6155] done synthesizing module 'shift_right_arithmetic' (0#1) [D:/Verilog/CompArch/RV32I_Single_Cycle/RV32I_Single_Cycle.srcs/sources_1/new/ALU.sv:51]
INFO: [Synth 8-6155] done synthesizing module 'alu' (0#1) [D:/Verilog/CompArch/RV32I_Single_Cycle/RV32I_Single_Cycle.srcs/sources_1/new/ALU.sv:1]
INFO: [Synth 8-6157] synthesizing module 'lsu' [D:/Verilog/CompArch/RV32I_Single_Cycle/RV32I_Single_Cycle.srcs/sources_1/new/lsu.sv:1]
INFO: [Synth 8-6157] synthesizing module 'data_memory' [D:/Verilog/CompArch/RV32I_Single_Cycle/RV32I_Single_Cycle.srcs/sources_1/new/data_memory.sv:10]
INFO: [Synth 8-6155] done synthesizing module 'data_memory' (0#1) [D:/Verilog/CompArch/RV32I_Single_Cycle/RV32I_Single_Cycle.srcs/sources_1/new/data_memory.sv:10]
INFO: [Synth 8-155] case statement is not full and has no default [D:/Verilog/CompArch/RV32I_Single_Cycle/RV32I_Single_Cycle.srcs/sources_1/new/lsu.sv:56]
INFO: [Synth 8-6155] done synthesizing module 'lsu' (0#1) [D:/Verilog/CompArch/RV32I_Single_Cycle/RV32I_Single_Cycle.srcs/sources_1/new/lsu.sv:1]
INFO: [Synth 8-6157] synthesizing module 'wb_mux' [D:/Verilog/CompArch/RV32I_Single_Cycle/RV32I_Single_Cycle.srcs/sources_1/new/wb_mux.sv:1]
INFO: [Synth 8-6155] done synthesizing module 'wb_mux' (0#1) [D:/Verilog/CompArch/RV32I_Single_Cycle/RV32I_Single_Cycle.srcs/sources_1/new/wb_mux.sv:1]
INFO: [Synth 8-6157] synthesizing module 'ctrl_unit' [D:/Verilog/CompArch/RV32I_Single_Cycle/RV32I_Single_Cycle.srcs/sources_1/new/ctrl_unit.sv:1]
INFO: [Synth 8-6155] done synthesizing module 'ctrl_unit' (0#1) [D:/Verilog/CompArch/RV32I_Single_Cycle/RV32I_Single_Cycle.srcs/sources_1/new/ctrl_unit.sv:1]
INFO: [Synth 8-6155] done synthesizing module 'singlecycle' (0#1) [D:/Verilog/CompArch/RV32I_Single_Cycle/RV32I_Single_Cycle.srcs/sources_1/new/singlecycle.sv:2]
INFO: [Synth 8-6155] done synthesizing module 'wrapper' (0#1) [D:/Verilog/CompArch/RV32I_Single_Cycle/RV32I_Single_Cycle.srcs/sources_1/new/wrapper.sv:1]
WARNING: [Synth 8-3848] Net imem[2047][0] in module/entity inst_memory does not have driver. [D:/Verilog/CompArch/RV32I_Single_Cycle/RV32I_Single_Cycle.srcs/sources_1/new/inst_memory.sv:19]
WARNING: [Synth 8-3848] Net imem[2046][0] in module/entity inst_memory does not have driver. [D:/Verilog/CompArch/RV32I_Single_Cycle/RV32I_Single_Cycle.srcs/sources_1/new/inst_memory.sv:19]
WARNING: [Synth 8-3848] Net imem[2045][0] in module/entity inst_memory does not have driver. [D:/Verilog/CompArch/RV32I_Single_Cycle/RV32I_Single_Cycle.srcs/sources_1/new/inst_memory.sv:19]
WARNING: [Synth 8-3848] Net imem[2044][0] in module/entity inst_memory does not have driver. [D:/Verilog/CompArch/RV32I_Single_Cycle/RV32I_Single_Cycle.srcs/sources_1/new/inst_memory.sv:19]
WARNING: [Synth 8-3848] Net imem[2043][0] in module/entity inst_memory does not have driver. [D:/Verilog/CompArch/RV32I_Single_Cycle/RV32I_Single_Cycle.srcs/sources_1/new/inst_memory.sv:19]
WARNING: [Synth 8-3848] Net imem[2042][0] in module/entity inst_memory does not have driver. [D:/Verilog/CompArch/RV32I_Single_Cycle/RV32I_Single_Cycle.srcs/sources_1/new/inst_memory.sv:19]
WARNING: [Synth 8-3848] Net imem[2041][0] in module/entity inst_memory does not have driver. [D:/Verilog/CompArch/RV32I_Single_Cycle/RV32I_Single_Cycle.srcs/sources_1/new/inst_memory.sv:19]
WARNING: [Synth 8-3848] Net imem[2040][0] in module/entity inst_memory does not have driver. [D:/Verilog/CompArch/RV32I_Single_Cycle/RV32I_Single_Cycle.srcs/sources_1/new/inst_memory.sv:19]
WARNING: [Synth 8-3848] Net imem[2039][0] in module/entity inst_memory does not have driver. [D:/Verilog/CompArch/RV32I_Single_Cycle/RV32I_Single_Cycle.srcs/sources_1/new/inst_memory.sv:19]
WARNING: [Synth 8-3848] Net imem[2038][0] in module/entity inst_memory does not have driver. [D:/Verilog/CompArch/RV32I_Single_Cycle/RV32I_Single_Cycle.srcs/sources_1/new/inst_memory.sv:19]
WARNING: [Synth 8-3848] Net imem[2037][0] in module/entity inst_memory does not have driver. [D:/Verilog/CompArch/RV32I_Single_Cycle/RV32I_Single_Cycle.srcs/sources_1/new/inst_memory.sv:19]
WARNING: [Synth 8-3848] Net imem[2036][0] in module/entity inst_memory does not have driver. [D:/Verilog/CompArch/RV32I_Single_Cycle/RV32I_Single_Cycle.srcs/sources_1/new/inst_memory.sv:19]
WARNING: [Synth 8-3848] Net imem[2035][0] in module/entity inst_memory does not have driver. [D:/Verilog/CompArch/RV32I_Single_Cycle/RV32I_Single_Cycle.srcs/sources_1/new/inst_memory.sv:19]
WARNING: [Synth 8-3848] Net imem[2034][0] in module/entity inst_memory does not have driver. [D:/Verilog/CompArch/RV32I_Single_Cycle/RV32I_Single_Cycle.srcs/sources_1/new/inst_memory.sv:19]
WARNING: [Synth 8-3848] Net imem[2033][0] in module/entity inst_memory does not have driver. [D:/Verilog/CompArch/RV32I_Single_Cycle/RV32I_Single_Cycle.srcs/sources_1/new/inst_memory.sv:19]
WARNING: [Synth 8-3848] Net imem[2032][0] in module/entity inst_memory does not have driver. [D:/Verilog/CompArch/RV32I_Single_Cycle/RV32I_Single_Cycle.srcs/sources_1/new/inst_memory.sv:19]
WARNING: [Synth 8-3848] Net imem[2031][0] in module/entity inst_memory does not have driver. [D:/Verilog/CompArch/RV32I_Single_Cycle/RV32I_Single_Cycle.srcs/sources_1/new/inst_memory.sv:19]
WARNING: [Synth 8-3848] Net imem[2030][0] in module/entity inst_memory does not have driver. [D:/Verilog/CompArch/RV32I_Single_Cycle/RV32I_Single_Cycle.srcs/sources_1/new/inst_memory.sv:19]
WARNING: [Synth 8-3848] Net imem[2029][0] in module/entity inst_memory does not have driver. [D:/Verilog/CompArch/RV32I_Single_Cycle/RV32I_Single_Cycle.srcs/sources_1/new/inst_memory.sv:19]
WARNING: [Synth 8-3848] Net imem[2028][0] in module/entity inst_memory does not have driver. [D:/Verilog/CompArch/RV32I_Single_Cycle/RV32I_Single_Cycle.srcs/sources_1/new/inst_memory.sv:19]
WARNING: [Synth 8-3848] Net imem[2027][0] in module/entity inst_memory does not have driver. [D:/Verilog/CompArch/RV32I_Single_Cycle/RV32I_Single_Cycle.srcs/sources_1/new/inst_memory.sv:19]
WARNING: [Synth 8-3848] Net imem[2026][0] in module/entity inst_memory does not have driver. [D:/Verilog/CompArch/RV32I_Single_Cycle/RV32I_Single_Cycle.srcs/sources_1/new/inst_memory.sv:19]
WARNING: [Synth 8-3848] Net imem[2025][0] in module/entity inst_memory does not have driver. [D:/Verilog/CompArch/RV32I_Single_Cycle/RV32I_Single_Cycle.srcs/sources_1/new/inst_memory.sv:19]
WARNING: [Synth 8-3848] Net imem[2024][0] in module/entity inst_memory does not have driver. [D:/Verilog/CompArch/RV32I_Single_Cycle/RV32I_Single_Cycle.srcs/sources_1/new/inst_memory.sv:19]
WARNING: [Synth 8-3848] Net imem[2023][0] in module/entity inst_memory does not have driver. [D:/Verilog/CompArch/RV32I_Single_Cycle/RV32I_Single_Cycle.srcs/sources_1/new/inst_memory.sv:19]
WARNING: [Synth 8-3848] Net imem[2022][0] in module/entity inst_memory does not have driver. [D:/Verilog/CompArch/RV32I_Single_Cycle/RV32I_Single_Cycle.srcs/sources_1/new/inst_memory.sv:19]
WARNING: [Synth 8-3848] Net imem[2021][0] in module/entity inst_memory does not have driver. [D:/Verilog/CompArch/RV32I_Single_Cycle/RV32I_Single_Cycle.srcs/sources_1/new/inst_memory.sv:19]
WARNING: [Synth 8-3848] Net imem[2020][0] in module/entity inst_memory does not have driver. [D:/Verilog/CompArch/RV32I_Single_Cycle/RV32I_Single_Cycle.srcs/sources_1/new/inst_memory.sv:19]
WARNING: [Synth 8-3848] Net imem[2019][0] in module/entity inst_memory does not have driver. [D:/Verilog/CompArch/RV32I_Single_Cycle/RV32I_Single_Cycle.srcs/sources_1/new/inst_memory.sv:19]
WARNING: [Synth 8-3848] Net imem[2018][0] in module/entity inst_memory does not have driver. [D:/Verilog/CompArch/RV32I_Single_Cycle/RV32I_Single_Cycle.srcs/sources_1/new/inst_memory.sv:19]
WARNING: [Synth 8-3848] Net imem[2017][0] in module/entity inst_memory does not have driver. [D:/Verilog/CompArch/RV32I_Single_Cycle/RV32I_Single_Cycle.srcs/sources_1/new/inst_memory.sv:19]
WARNING: [Synth 8-3848] Net imem[2016][0] in module/entity inst_memory does not have driver. [D:/Verilog/CompArch/RV32I_Single_Cycle/RV32I_Single_Cycle.srcs/sources_1/new/inst_memory.sv:19]
WARNING: [Synth 8-3848] Net imem[2015][0] in module/entity inst_memory does not have driver. [D:/Verilog/CompArch/RV32I_Single_Cycle/RV32I_Single_Cycle.srcs/sources_1/new/inst_memory.sv:19]
WARNING: [Synth 8-3848] Net imem[2014][0] in module/entity inst_memory does not have driver. [D:/Verilog/CompArch/RV32I_Single_Cycle/RV32I_Single_Cycle.srcs/sources_1/new/inst_memory.sv:19]
WARNING: [Synth 8-3848] Net imem[2013][0] in module/entity inst_memory does not have driver. [D:/Verilog/CompArch/RV32I_Single_Cycle/RV32I_Single_Cycle.srcs/sources_1/new/inst_memory.sv:19]
WARNING: [Synth 8-3848] Net imem[2012][0] in module/entity inst_memory does not have driver. [D:/Verilog/CompArch/RV32I_Single_Cycle/RV32I_Single_Cycle.srcs/sources_1/new/inst_memory.sv:19]
WARNING: [Synth 8-3848] Net imem[2011][0] in module/entity inst_memory does not have driver. [D:/Verilog/CompArch/RV32I_Single_Cycle/RV32I_Single_Cycle.srcs/sources_1/new/inst_memory.sv:19]
WARNING: [Synth 8-3848] Net imem[2010][0] in module/entity inst_memory does not have driver. [D:/Verilog/CompArch/RV32I_Single_Cycle/RV32I_Single_Cycle.srcs/sources_1/new/inst_memory.sv:19]
WARNING: [Synth 8-3848] Net imem[2009][0] in module/entity inst_memory does not have driver. [D:/Verilog/CompArch/RV32I_Single_Cycle/RV32I_Single_Cycle.srcs/sources_1/new/inst_memory.sv:19]
WARNING: [Synth 8-3848] Net imem[2008][0] in module/entity inst_memory does not have driver. [D:/Verilog/CompArch/RV32I_Single_Cycle/RV32I_Single_Cycle.srcs/sources_1/new/inst_memory.sv:19]
WARNING: [Synth 8-3848] Net imem[2007][0] in module/entity inst_memory does not have driver. [D:/Verilog/CompArch/RV32I_Single_Cycle/RV32I_Single_Cycle.srcs/sources_1/new/inst_memory.sv:19]
WARNING: [Synth 8-3848] Net imem[2006][0] in module/entity inst_memory does not have driver. [D:/Verilog/CompArch/RV32I_Single_Cycle/RV32I_Single_Cycle.srcs/sources_1/new/inst_memory.sv:19]
WARNING: [Synth 8-3848] Net imem[2005][0] in module/entity inst_memory does not have driver. [D:/Verilog/CompArch/RV32I_Single_Cycle/RV32I_Single_Cycle.srcs/sources_1/new/inst_memory.sv:19]
WARNING: [Synth 8-3848] Net imem[2004][0] in module/entity inst_memory does not have driver. [D:/Verilog/CompArch/RV32I_Single_Cycle/RV32I_Single_Cycle.srcs/sources_1/new/inst_memory.sv:19]
WARNING: [Synth 8-3848] Net imem[2003][0] in module/entity inst_memory does not have driver. [D:/Verilog/CompArch/RV32I_Single_Cycle/RV32I_Single_Cycle.srcs/sources_1/new/inst_memory.sv:19]
WARNING: [Synth 8-3848] Net imem[2002][0] in module/entity inst_memory does not have driver. [D:/Verilog/CompArch/RV32I_Single_Cycle/RV32I_Single_Cycle.srcs/sources_1/new/inst_memory.sv:19]
WARNING: [Synth 8-3848] Net imem[2001][0] in module/entity inst_memory does not have driver. [D:/Verilog/CompArch/RV32I_Single_Cycle/RV32I_Single_Cycle.srcs/sources_1/new/inst_memory.sv:19]
WARNING: [Synth 8-3848] Net imem[2000][0] in module/entity inst_memory does not have driver. [D:/Verilog/CompArch/RV32I_Single_Cycle/RV32I_Single_Cycle.srcs/sources_1/new/inst_memory.sv:19]
WARNING: [Synth 8-3848] Net imem[1999][0] in module/entity inst_memory does not have driver. [D:/Verilog/CompArch/RV32I_Single_Cycle/RV32I_Single_Cycle.srcs/sources_1/new/inst_memory.sv:19]
WARNING: [Synth 8-3848] Net imem[1998][0] in module/entity inst_memory does not have driver. [D:/Verilog/CompArch/RV32I_Single_Cycle/RV32I_Single_Cycle.srcs/sources_1/new/inst_memory.sv:19]
WARNING: [Synth 8-3848] Net imem[1997][0] in module/entity inst_memory does not have driver. [D:/Verilog/CompArch/RV32I_Single_Cycle/RV32I_Single_Cycle.srcs/sources_1/new/inst_memory.sv:19]
WARNING: [Synth 8-3848] Net imem[1996][0] in module/entity inst_memory does not have driver. [D:/Verilog/CompArch/RV32I_Single_Cycle/RV32I_Single_Cycle.srcs/sources_1/new/inst_memory.sv:19]
WARNING: [Synth 8-3848] Net imem[1995][0] in module/entity inst_memory does not have driver. [D:/Verilog/CompArch/RV32I_Single_Cycle/RV32I_Single_Cycle.srcs/sources_1/new/inst_memory.sv:19]
WARNING: [Synth 8-3848] Net imem[1994][0] in module/entity inst_memory does not have driver. [D:/Verilog/CompArch/RV32I_Single_Cycle/RV32I_Single_Cycle.srcs/sources_1/new/inst_memory.sv:19]
WARNING: [Synth 8-3848] Net imem[1993][0] in module/entity inst_memory does not have driver. [D:/Verilog/CompArch/RV32I_Single_Cycle/RV32I_Single_Cycle.srcs/sources_1/new/inst_memory.sv:19]
WARNING: [Synth 8-3848] Net imem[1992][0] in module/entity inst_memory does not have driver. [D:/Verilog/CompArch/RV32I_Single_Cycle/RV32I_Single_Cycle.srcs/sources_1/new/inst_memory.sv:19]
WARNING: [Synth 8-3848] Net imem[1991][0] in module/entity inst_memory does not have driver. [D:/Verilog/CompArch/RV32I_Single_Cycle/RV32I_Single_Cycle.srcs/sources_1/new/inst_memory.sv:19]
WARNING: [Synth 8-3848] Net imem[1990][0] in module/entity inst_memory does not have driver. [D:/Verilog/CompArch/RV32I_Single_Cycle/RV32I_Single_Cycle.srcs/sources_1/new/inst_memory.sv:19]
WARNING: [Synth 8-3848] Net imem[1989][0] in module/entity inst_memory does not have driver. [D:/Verilog/CompArch/RV32I_Single_Cycle/RV32I_Single_Cycle.srcs/sources_1/new/inst_memory.sv:19]
WARNING: [Synth 8-3848] Net imem[1988][0] in module/entity inst_memory does not have driver. [D:/Verilog/CompArch/RV32I_Single_Cycle/RV32I_Single_Cycle.srcs/sources_1/new/inst_memory.sv:19]
WARNING: [Synth 8-3848] Net imem[1987][0] in module/entity inst_memory does not have driver. [D:/Verilog/CompArch/RV32I_Single_Cycle/RV32I_Single_Cycle.srcs/sources_1/new/inst_memory.sv:19]
WARNING: [Synth 8-3848] Net imem[1986][0] in module/entity inst_memory does not have driver. [D:/Verilog/CompArch/RV32I_Single_Cycle/RV32I_Single_Cycle.srcs/sources_1/new/inst_memory.sv:19]
WARNING: [Synth 8-3848] Net imem[1985][0] in module/entity inst_memory does not have driver. [D:/Verilog/CompArch/RV32I_Single_Cycle/RV32I_Single_Cycle.srcs/sources_1/new/inst_memory.sv:19]
WARNING: [Synth 8-3848] Net imem[1984][0] in module/entity inst_memory does not have driver. [D:/Verilog/CompArch/RV32I_Single_Cycle/RV32I_Single_Cycle.srcs/sources_1/new/inst_memory.sv:19]
WARNING: [Synth 8-3848] Net imem[1983][0] in module/entity inst_memory does not have driver. [D:/Verilog/CompArch/RV32I_Single_Cycle/RV32I_Single_Cycle.srcs/sources_1/new/inst_memory.sv:19]
WARNING: [Synth 8-3848] Net imem[1982][0] in module/entity inst_memory does not have driver. [D:/Verilog/CompArch/RV32I_Single_Cycle/RV32I_Single_Cycle.srcs/sources_1/new/inst_memory.sv:19]
WARNING: [Synth 8-3848] Net imem[1981][0] in module/entity inst_memory does not have driver. [D:/Verilog/CompArch/RV32I_Single_Cycle/RV32I_Single_Cycle.srcs/sources_1/new/inst_memory.sv:19]
WARNING: [Synth 8-3848] Net imem[1980][0] in module/entity inst_memory does not have driver. [D:/Verilog/CompArch/RV32I_Single_Cycle/RV32I_Single_Cycle.srcs/sources_1/new/inst_memory.sv:19]
WARNING: [Synth 8-3848] Net imem[1979][0] in module/entity inst_memory does not have driver. [D:/Verilog/CompArch/RV32I_Single_Cycle/RV32I_Single_Cycle.srcs/sources_1/new/inst_memory.sv:19]
WARNING: [Synth 8-3848] Net imem[1978][0] in module/entity inst_memory does not have driver. [D:/Verilog/CompArch/RV32I_Single_Cycle/RV32I_Single_Cycle.srcs/sources_1/new/inst_memory.sv:19]
WARNING: [Synth 8-3848] Net imem[1977][0] in module/entity inst_memory does not have driver. [D:/Verilog/CompArch/RV32I_Single_Cycle/RV32I_Single_Cycle.srcs/sources_1/new/inst_memory.sv:19]
WARNING: [Synth 8-3848] Net imem[1976][0] in module/entity inst_memory does not have driver. [D:/Verilog/CompArch/RV32I_Single_Cycle/RV32I_Single_Cycle.srcs/sources_1/new/inst_memory.sv:19]
WARNING: [Synth 8-3848] Net imem[1975][0] in module/entity inst_memory does not have driver. [D:/Verilog/CompArch/RV32I_Single_Cycle/RV32I_Single_Cycle.srcs/sources_1/new/inst_memory.sv:19]
WARNING: [Synth 8-3848] Net imem[1974][0] in module/entity inst_memory does not have driver. [D:/Verilog/CompArch/RV32I_Single_Cycle/RV32I_Single_Cycle.srcs/sources_1/new/inst_memory.sv:19]
WARNING: [Synth 8-3848] Net imem[1973][0] in module/entity inst_memory does not have driver. [D:/Verilog/CompArch/RV32I_Single_Cycle/RV32I_Single_Cycle.srcs/sources_1/new/inst_memory.sv:19]
WARNING: [Synth 8-3848] Net imem[1972][0] in module/entity inst_memory does not have driver. [D:/Verilog/CompArch/RV32I_Single_Cycle/RV32I_Single_Cycle.srcs/sources_1/new/inst_memory.sv:19]
WARNING: [Synth 8-3848] Net imem[1971][0] in module/entity inst_memory does not have driver. [D:/Verilog/CompArch/RV32I_Single_Cycle/RV32I_Single_Cycle.srcs/sources_1/new/inst_memory.sv:19]
WARNING: [Synth 8-3848] Net imem[1970][0] in module/entity inst_memory does not have driver. [D:/Verilog/CompArch/RV32I_Single_Cycle/RV32I_Single_Cycle.srcs/sources_1/new/inst_memory.sv:19]
WARNING: [Synth 8-3848] Net imem[1969][0] in module/entity inst_memory does not have driver. [D:/Verilog/CompArch/RV32I_Single_Cycle/RV32I_Single_Cycle.srcs/sources_1/new/inst_memory.sv:19]
WARNING: [Synth 8-3848] Net imem[1968][0] in module/entity inst_memory does not have driver. [D:/Verilog/CompArch/RV32I_Single_Cycle/RV32I_Single_Cycle.srcs/sources_1/new/inst_memory.sv:19]
WARNING: [Synth 8-3848] Net imem[1967][0] in module/entity inst_memory does not have driver. [D:/Verilog/CompArch/RV32I_Single_Cycle/RV32I_Single_Cycle.srcs/sources_1/new/inst_memory.sv:19]
WARNING: [Synth 8-3848] Net imem[1966][0] in module/entity inst_memory does not have driver. [D:/Verilog/CompArch/RV32I_Single_Cycle/RV32I_Single_Cycle.srcs/sources_1/new/inst_memory.sv:19]
WARNING: [Synth 8-3848] Net imem[1965][0] in module/entity inst_memory does not have driver. [D:/Verilog/CompArch/RV32I_Single_Cycle/RV32I_Single_Cycle.srcs/sources_1/new/inst_memory.sv:19]
WARNING: [Synth 8-3848] Net imem[1964][0] in module/entity inst_memory does not have driver. [D:/Verilog/CompArch/RV32I_Single_Cycle/RV32I_Single_Cycle.srcs/sources_1/new/inst_memory.sv:19]
WARNING: [Synth 8-3848] Net imem[1963][0] in module/entity inst_memory does not have driver. [D:/Verilog/CompArch/RV32I_Single_Cycle/RV32I_Single_Cycle.srcs/sources_1/new/inst_memory.sv:19]
WARNING: [Synth 8-3848] Net imem[1962][0] in module/entity inst_memory does not have driver. [D:/Verilog/CompArch/RV32I_Single_Cycle/RV32I_Single_Cycle.srcs/sources_1/new/inst_memory.sv:19]
WARNING: [Synth 8-3848] Net imem[1961][0] in module/entity inst_memory does not have driver. [D:/Verilog/CompArch/RV32I_Single_Cycle/RV32I_Single_Cycle.srcs/sources_1/new/inst_memory.sv:19]
WARNING: [Synth 8-3848] Net imem[1960][0] in module/entity inst_memory does not have driver. [D:/Verilog/CompArch/RV32I_Single_Cycle/RV32I_Single_Cycle.srcs/sources_1/new/inst_memory.sv:19]
WARNING: [Synth 8-3848] Net imem[1959][0] in module/entity inst_memory does not have driver. [D:/Verilog/CompArch/RV32I_Single_Cycle/RV32I_Single_Cycle.srcs/sources_1/new/inst_memory.sv:19]
WARNING: [Synth 8-3848] Net imem[1958][0] in module/entity inst_memory does not have driver. [D:/Verilog/CompArch/RV32I_Single_Cycle/RV32I_Single_Cycle.srcs/sources_1/new/inst_memory.sv:19]
WARNING: [Synth 8-3848] Net imem[1957][0] in module/entity inst_memory does not have driver. [D:/Verilog/CompArch/RV32I_Single_Cycle/RV32I_Single_Cycle.srcs/sources_1/new/inst_memory.sv:19]
WARNING: [Synth 8-3848] Net imem[1956][0] in module/entity inst_memory does not have driver. [D:/Verilog/CompArch/RV32I_Single_Cycle/RV32I_Single_Cycle.srcs/sources_1/new/inst_memory.sv:19]
WARNING: [Synth 8-3848] Net imem[1955][0] in module/entity inst_memory does not have driver. [D:/Verilog/CompArch/RV32I_Single_Cycle/RV32I_Single_Cycle.srcs/sources_1/new/inst_memory.sv:19]
WARNING: [Synth 8-3848] Net imem[1954][0] in module/entity inst_memory does not have driver. [D:/Verilog/CompArch/RV32I_Single_Cycle/RV32I_Single_Cycle.srcs/sources_1/new/inst_memory.sv:19]
WARNING: [Synth 8-3848] Net imem[1953][0] in module/entity inst_memory does not have driver. [D:/Verilog/CompArch/RV32I_Single_Cycle/RV32I_Single_Cycle.srcs/sources_1/new/inst_memory.sv:19]
WARNING: [Synth 8-3848] Net imem[1952][0] in module/entity inst_memory does not have driver. [D:/Verilog/CompArch/RV32I_Single_Cycle/RV32I_Single_Cycle.srcs/sources_1/new/inst_memory.sv:19]
WARNING: [Synth 8-3848] Net imem[1951][0] in module/entity inst_memory does not have driver. [D:/Verilog/CompArch/RV32I_Single_Cycle/RV32I_Single_Cycle.srcs/sources_1/new/inst_memory.sv:19]
WARNING: [Synth 8-3848] Net imem[1950][0] in module/entity inst_memory does not have driver. [D:/Verilog/CompArch/RV32I_Single_Cycle/RV32I_Single_Cycle.srcs/sources_1/new/inst_memory.sv:19]
WARNING: [Synth 8-3848] Net imem[1949][0] in module/entity inst_memory does not have driver. [D:/Verilog/CompArch/RV32I_Single_Cycle/RV32I_Single_Cycle.srcs/sources_1/new/inst_memory.sv:19]
WARNING: [Synth 8-3848] Net imem[1948][0] in module/entity inst_memory does not have driver. [D:/Verilog/CompArch/RV32I_Single_Cycle/RV32I_Single_Cycle.srcs/sources_1/new/inst_memory.sv:19]
INFO: [Common 17-14] Message 'Synth 8-3848' appears 100 times and further instances of the messages will be disabled. Use the Tcl command set_msg_config to change the current settings.
WARNING: [Synth 8-11357] Potential Runtime issue for 3D-RAM or RAM from Record/Structs for RAM  dmem_reg with 16384 registers
WARNING: [Synth 8-7129] Port instr[24] in module ctrl_unit is either unconnected or has no load
WARNING: [Synth 8-7129] Port instr[23] in module ctrl_unit is either unconnected or has no load
WARNING: [Synth 8-7129] Port instr[22] in module ctrl_unit is either unconnected or has no load
WARNING: [Synth 8-7129] Port instr[21] in module ctrl_unit is either unconnected or has no load
WARNING: [Synth 8-7129] Port instr[20] in module ctrl_unit is either unconnected or has no load
WARNING: [Synth 8-7129] Port instr[19] in module ctrl_unit is either unconnected or has no load
WARNING: [Synth 8-7129] Port instr[18] in module ctrl_unit is either unconnected or has no load
WARNING: [Synth 8-7129] Port instr[17] in module ctrl_unit is either unconnected or has no load
WARNING: [Synth 8-7129] Port instr[16] in module ctrl_unit is either unconnected or has no load
WARNING: [Synth 8-7129] Port instr[15] in module ctrl_unit is either unconnected or has no load
WARNING: [Synth 8-7129] Port instr[11] in module ctrl_unit is either unconnected or has no load
WARNING: [Synth 8-7129] Port instr[10] in module ctrl_unit is either unconnected or has no load
WARNING: [Synth 8-7129] Port instr[9] in module ctrl_unit is either unconnected or has no load
WARNING: [Synth 8-7129] Port instr[8] in module ctrl_unit is either unconnected or has no load
WARNING: [Synth 8-7129] Port instr[7] in module ctrl_unit is either unconnected or has no load
WARNING: [Synth 8-7129] Port addr_i[1] in module data_memory is either unconnected or has no load
WARNING: [Synth 8-7129] Port addr_i[0] in module data_memory is either unconnected or has no load
WARNING: [Synth 8-7129] Port rst_ni in module data_memory is either unconnected or has no load
WARNING: [Synth 8-7129] Port instr[31] in module reg_dec is either unconnected or has no load
WARNING: [Synth 8-7129] Port instr[30] in module reg_dec is either unconnected or has no load
WARNING: [Synth 8-7129] Port instr[29] in module reg_dec is either unconnected or has no load
WARNING: [Synth 8-7129] Port instr[28] in module reg_dec is either unconnected or has no load
WARNING: [Synth 8-7129] Port instr[27] in module reg_dec is either unconnected or has no load
WARNING: [Synth 8-7129] Port instr[26] in module reg_dec is either unconnected or has no load
WARNING: [Synth 8-7129] Port instr[25] in module reg_dec is either unconnected or has no load
WARNING: [Synth 8-7129] Port instr[14] in module reg_dec is either unconnected or has no load
WARNING: [Synth 8-7129] Port instr[13] in module reg_dec is either unconnected or has no load
WARNING: [Synth 8-7129] Port instr[12] in module reg_dec is either unconnected or has no load
WARNING: [Synth 8-7129] Port paddr_i[1] in module inst_memory is either unconnected or has no load
WARNING: [Synth 8-7129] Port paddr_i[0] in module inst_memory is either unconnected or has no load
WARNING: [Synth 8-7129] Port clk_i in module inst_memory is either unconnected or has no load
WARNING: [Synth 8-7129] Port rst_ni in module inst_memory is either unconnected or has no load
---------------------------------------------------------------------------------
Finished RTL Elaboration : Time (s): cpu = 00:00:25 ; elapsed = 00:00:29 . Memory (MB): peak = 1738.133 ; gain = 880.012
---------------------------------------------------------------------------------
---------------------------------------------------------------------------------
Start Handling Custom Attributes
---------------------------------------------------------------------------------
---------------------------------------------------------------------------------
Finished Handling Custom Attributes : Time (s): cpu = 00:00:26 ; elapsed = 00:00:30 . Memory (MB): peak = 1738.133 ; gain = 880.012
---------------------------------------------------------------------------------
---------------------------------------------------------------------------------
Finished RTL Optimization Phase 1 : Time (s): cpu = 00:00:26 ; elapsed = 00:00:30 . Memory (MB): peak = 1738.133 ; gain = 880.012
---------------------------------------------------------------------------------
Netlist sorting complete. Time (s): cpu = 00:00:01 ; elapsed = 00:00:00.472 . Memory (MB): peak = 1738.133 ; gain = 0.000
INFO: [Project 1-570] Preparing netlist for logic optimization

Processing XDC Constraints
Initializing timing engine
Parsing XDC File [D:/Verilog/CompArch/RV32I_Single_Cycle/RV32I_Single_Cycle.srcs/constrs_1/new/top.xdc]
WARNING: [Vivado 12-584] No ports matched 'JXADC[5]'. [D:/Verilog/CompArch/RV32I_Single_Cycle/RV32I_Single_Cycle.srcs/constrs_1/new/top.xdc:110]
CRITICAL WARNING: [Common 17-55] 'set_property' expects at least one object. [D:/Verilog/CompArch/RV32I_Single_Cycle/RV32I_Single_Cycle.srcs/constrs_1/new/top.xdc:110]
Resolution: If [get_<value>] was used to populate the object, check to make sure this command returns at least one valid object.
WARNING: [Vivado 12-584] No ports matched 'JXADC[6]'. [D:/Verilog/CompArch/RV32I_Single_Cycle/RV32I_Single_Cycle.srcs/constrs_1/new/top.xdc:111]
CRITICAL WARNING: [Common 17-55] 'set_property' expects at least one object. [D:/Verilog/CompArch/RV32I_Single_Cycle/RV32I_Single_Cycle.srcs/constrs_1/new/top.xdc:111]
Resolution: If [get_<value>] was used to populate the object, check to make sure this command returns at least one valid object.
WARNING: [Vivado 12-584] No ports matched 'JXADC[7]'. [D:/Verilog/CompArch/RV32I_Single_Cycle/RV32I_Single_Cycle.srcs/constrs_1/new/top.xdc:112]
CRITICAL WARNING: [Common 17-55] 'set_property' expects at least one object. [D:/Verilog/CompArch/RV32I_Single_Cycle/RV32I_Single_Cycle.srcs/constrs_1/new/top.xdc:112]
Resolution: If [get_<value>] was used to populate the object, check to make sure this command returns at least one valid object.
Finished Parsing XDC File [D:/Verilog/CompArch/RV32I_Single_Cycle/RV32I_Single_Cycle.srcs/constrs_1/new/top.xdc]
INFO: [Project 1-236] Implementation specific constraints were found while reading constraint file [D:/Verilog/CompArch/RV32I_Single_Cycle/RV32I_Single_Cycle.srcs/constrs_1/new/top.xdc]. These constraints will be ignored for synthesis but will be used in implementation. Impacted constraints are listed in the file [.Xil/wrapper_propImpl.xdc].
Resolution: To avoid this warning, move constraints listed in [.Xil/wrapper_propImpl.xdc] to another XDC file and exclude this new file from synthesis with the used_in_synthesis property (File Properties dialog in GUI) and re-run elaboration/synthesis.
Completed Processing XDC Constraints

Netlist sorting complete. Time (s): cpu = 00:00:00 ; elapsed = 00:00:00.012 . Memory (MB): peak = 1852.980 ; gain = 0.000
INFO: [Project 1-111] Unisim Transformation Summary:
No Unisim elements were transformed.

Constraint Validation Runtime : Time (s): cpu = 00:00:00 ; elapsed = 00:00:00.148 . Memory (MB): peak = 1852.980 ; gain = 0.000
INFO: [Designutils 20-5440] No compile time benefit to using incremental synthesis; A full resynthesis will be run
INFO: [Designutils 20-4379] Flow is switching to default flow due to incremental criteria not met. If you would like to alter this behaviour and have the flow terminate instead, please set the following parameter config_implementation {autoIncr.Synth.RejectBehavior Terminate}
---------------------------------------------------------------------------------
Finished Constraint Validation : Time (s): cpu = 00:00:45 ; elapsed = 00:00:49 . Memory (MB): peak = 1852.980 ; gain = 994.859
---------------------------------------------------------------------------------
---------------------------------------------------------------------------------
Start Loading Part and Timing Information
---------------------------------------------------------------------------------
Loading part: xc7a35tcpg236-1
---------------------------------------------------------------------------------
Finished Loading Part and Timing Information : Time (s): cpu = 00:00:45 ; elapsed = 00:00:49 . Memory (MB): peak = 1852.980 ; gain = 994.859
---------------------------------------------------------------------------------
---------------------------------------------------------------------------------
Start Applying 'set_property' XDC Constraints
---------------------------------------------------------------------------------
---------------------------------------------------------------------------------
Finished applying 'set_property' XDC Constraints : Time (s): cpu = 00:00:45 ; elapsed = 00:00:49 . Memory (MB): peak = 1852.980 ; gain = 994.859
---------------------------------------------------------------------------------
---------------------------------------------------------------------------------
Finished RTL Optimization Phase 2 : Time (s): cpu = 00:01:01 ; elapsed = 00:01:08 . Memory (MB): peak = 1852.980 ; gain = 994.859
---------------------------------------------------------------------------------
---------------------------------------------------------------------------------
Start RTL Component Statistics 
---------------------------------------------------------------------------------
Detailed RTL Component Info : 
+---Adders : 
	   3 Input   33 Bit       Adders := 2     
	   3 Input   32 Bit       Adders := 2     
	   2 Input   32 Bit       Adders := 2     
	   2 Input   13 Bit       Adders := 1     
+---XORs : 
	   2 Input     32 Bit         XORs := 1     
+---Registers : 
	               32 Bit    Registers := 45    
	               13 Bit    Registers := 1     
	                8 Bit    Registers := 2048  
	                1 Bit    Registers := 1     
+---Muxes : 
	  13 Input   32 Bit        Muxes := 1     
	   2 Input   32 Bit        Muxes := 9     
	   3 Input   32 Bit        Muxes := 1     
	   4 Input   32 Bit        Muxes := 1     
	   2 Input   13 Bit        Muxes := 1     
	  13 Input    4 Bit        Muxes := 1     
	  29 Input    4 Bit        Muxes := 1     
	   4 Input    4 Bit        Muxes := 1     
	   3 Input    2 Bit        Muxes := 2     
	   4 Input    2 Bit        Muxes := 2     
	   2 Input    2 Bit        Muxes := 1     
	   2 Input    1 Bit        Muxes := 560   
	  12 Input    1 Bit        Muxes := 11    
	   3 Input    1 Bit        Muxes := 1     
	  19 Input    1 Bit        Muxes := 1     
	   4 Input    1 Bit        Muxes := 5     
	  18 Input    1 Bit        Muxes := 1     
---------------------------------------------------------------------------------
Finished RTL Component Statistics 
---------------------------------------------------------------------------------
---------------------------------------------------------------------------------
Start Part Resource Summary
---------------------------------------------------------------------------------
Part Resources:
DSPs: 90 (col length:60)
BRAMs: 100 (col length: RAMB18 60 RAMB36 30)
---------------------------------------------------------------------------------
Finished Part Resource Summary
---------------------------------------------------------------------------------
---------------------------------------------------------------------------------
Start Cross Boundary and Area Optimization
---------------------------------------------------------------------------------
WARNING: [Synth 8-7080] Parallel synthesis criteria is not met
---------------------------------------------------------------------------------
Finished Cross Boundary and Area Optimization : Time (s): cpu = 00:02:21 ; elapsed = 00:02:35 . Memory (MB): peak = 1852.980 ; gain = 994.859
---------------------------------------------------------------------------------
---------------------------------------------------------------------------------
Start Applying XDC Timing Constraints
---------------------------------------------------------------------------------
---------------------------------------------------------------------------------
Finished Applying XDC Timing Constraints : Time (s): cpu = 00:02:28 ; elapsed = 00:02:43 . Memory (MB): peak = 1852.980 ; gain = 994.859
---------------------------------------------------------------------------------
---------------------------------------------------------------------------------
Start Timing Optimization
---------------------------------------------------------------------------------
---------------------------------------------------------------------------------
Finished Timing Optimization : Time (s): cpu = 00:02:29 ; elapsed = 00:02:43 . Memory (MB): peak = 1852.980 ; gain = 994.859
---------------------------------------------------------------------------------
---------------------------------------------------------------------------------
Start Technology Mapping
---------------------------------------------------------------------------------
---------------------------------------------------------------------------------
Finished Technology Mapping : Time (s): cpu = 00:02:29 ; elapsed = 00:02:43 . Memory (MB): peak = 1852.980 ; gain = 994.859
---------------------------------------------------------------------------------
---------------------------------------------------------------------------------
Start IO Insertion
---------------------------------------------------------------------------------
---------------------------------------------------------------------------------
Start Flattening Before IO Insertion
---------------------------------------------------------------------------------
---------------------------------------------------------------------------------
Finished Flattening Before IO Insertion
---------------------------------------------------------------------------------
---------------------------------------------------------------------------------
Start Final Netlist Cleanup
---------------------------------------------------------------------------------
---------------------------------------------------------------------------------
Finished Final Netlist Cleanup
---------------------------------------------------------------------------------
---------------------------------------------------------------------------------
Finished IO Insertion : Time (s): cpu = 00:02:36 ; elapsed = 00:02:51 . Memory (MB): peak = 1852.980 ; gain = 994.859
---------------------------------------------------------------------------------
---------------------------------------------------------------------------------
Start Renaming Generated Instances
---------------------------------------------------------------------------------
---------------------------------------------------------------------------------
Finished Renaming Generated Instances : Time (s): cpu = 00:02:36 ; elapsed = 00:02:51 . Memory (MB): peak = 1852.980 ; gain = 994.859
---------------------------------------------------------------------------------
---------------------------------------------------------------------------------
Start Rebuilding User Hierarchy
---------------------------------------------------------------------------------
---------------------------------------------------------------------------------
Finished Rebuilding User Hierarchy : Time (s): cpu = 00:02:36 ; elapsed = 00:02:51 . Memory (MB): peak = 1852.980 ; gain = 994.859
---------------------------------------------------------------------------------
---------------------------------------------------------------------------------
Start Renaming Generated Ports
---------------------------------------------------------------------------------
---------------------------------------------------------------------------------
Finished Renaming Generated Ports : Time (s): cpu = 00:02:36 ; elapsed = 00:02:51 . Memory (MB): peak = 1852.980 ; gain = 994.859
---------------------------------------------------------------------------------
---------------------------------------------------------------------------------
Start Handling Custom Attributes
---------------------------------------------------------------------------------
---------------------------------------------------------------------------------
Finished Handling Custom Attributes : Time (s): cpu = 00:02:36 ; elapsed = 00:02:51 . Memory (MB): peak = 1852.980 ; gain = 994.859
---------------------------------------------------------------------------------
---------------------------------------------------------------------------------
Start Renaming Generated Nets
---------------------------------------------------------------------------------
---------------------------------------------------------------------------------
Finished Renaming Generated Nets : Time (s): cpu = 00:02:36 ; elapsed = 00:02:51 . Memory (MB): peak = 1852.980 ; gain = 994.859
---------------------------------------------------------------------------------
---------------------------------------------------------------------------------
Start Writing Synthesis Report
---------------------------------------------------------------------------------

Report BlackBoxes: 
+-+--------------+----------+
| |BlackBox name |Instances |
+-+--------------+----------+
+-+--------------+----------+

Report Cell Usage: 
+------+-------+------+
|      |Cell   |Count |
+------+-------+------+
|1     |BUFG   |     1|
|2     |CARRY4 |    11|
|3     |LUT1   |     2|
|4     |LUT4   |     6|
|5     |LUT5   |    34|
|6     |LUT6   |     1|
|7     |FDCE   |    44|
|8     |IBUF   |     2|
|9     |OBUF   |    31|
+------+-------+------+
---------------------------------------------------------------------------------
Finished Writing Synthesis Report : Time (s): cpu = 00:02:36 ; elapsed = 00:02:51 . Memory (MB): peak = 1852.980 ; gain = 994.859
---------------------------------------------------------------------------------
Synthesis finished with 0 errors, 0 critical warnings and 1 warnings.
Synthesis Optimization Runtime : Time (s): cpu = 00:02:01 ; elapsed = 00:02:42 . Memory (MB): peak = 1852.980 ; gain = 880.012
Synthesis Optimization Complete : Time (s): cpu = 00:02:36 ; elapsed = 00:02:51 . Memory (MB): peak = 1852.980 ; gain = 994.859
INFO: [Project 1-571] Translating synthesized netlist
Netlist sorting complete. Time (s): cpu = 00:00:00 ; elapsed = 00:00:00.002 . Memory (MB): peak = 1852.980 ; gain = 0.000
INFO: [Netlist 29-17] Analyzing 11 Unisim elements for replacement
INFO: [Netlist 29-28] Unisim Transformation completed in 0 CPU seconds
INFO: [Project 1-570] Preparing netlist for logic optimization
INFO: [Opt 31-138] Pushed 0 inverter(s) to 0 load pin(s).
Netlist sorting complete. Time (s): cpu = 00:00:00 ; elapsed = 00:00:00 . Memory (MB): peak = 1852.980 ; gain = 0.000
INFO: [Project 1-111] Unisim Transformation Summary:
No Unisim elements were transformed.

Synth Design complete | Checksum: 228dfec2
INFO: [Common 17-83] Releasing license: Synthesis
62 Infos, 137 Warnings, 3 Critical Warnings and 0 Errors encountered.
synth_design completed successfully
synth_design: Time (s): cpu = 00:02:43 ; elapsed = 00:02:59 . Memory (MB): peak = 1852.980 ; gain = 1375.773
INFO: [Common 17-600] The following parameters have non-default value.
general.maxThreads
INFO: [runtcl-6] Synthesis results are not added to the cache due to CRITICAL_WARNING
INFO: [Common 17-1381] The checkpoint 'D:/Verilog/CompArch/RV32I_Single_Cycle/RV32I_Single_Cycle.runs/synth_1/wrapper.dcp' has been generated.
INFO: [runtcl-4] Executing : report_utilization -file wrapper_utilization_synth.rpt -pb wrapper_utilization_synth.pb
INFO: [Common 17-206] Exiting Vivado at Tue May 21 10:52:35 2024...
